Determining if the pthread_create exist failed with the following output:
Change Dir: /home/miguel/ws_moveit/build/pr2_dashboard_aggregator/CMakeFiles/CMakeTmp

Run Build Command:"/usr/bin/make" "cmTC_fef15/fast"
/usr/bin/make -f CMakeFiles/cmTC_fef15.dir/build.make CMakeFiles/cmTC_fef15.dir/build
make[1]: Entering directory '/home/miguel/ws_moveit/build/pr2_dashboard_aggregator/CMakeFiles/CMakeTmp'
Building C object CMakeFiles/cmTC_fef15.dir/CheckSymbolExists.c.o
/usr/bin/cc     -o CMakeFiles/cmTC_fef15.dir/CheckSymbolExists.c.o   -c /home/miguel/ws_moveit/build/pr2_dashboard_aggregator/CMakeFiles/CMakeTmp/CheckSymbolExists.c
Linking C executable cmTC_fef15
/usr/bin/cmake -E cmake_link_script CMakeFiles/cmTC_fef15.dir/link.txt --verbose=1
/usr/bin/cc       CMakeFiles/cmTC_fef15.dir/CheckSymbolExists.c.o  -o cmTC_fef15 -rdynamic 
CMakeFiles/cmTC_fef15.dir/CheckSymbolExists.c.o: In function `main':
CheckSymbolExists.c:(.text+0x16): undefined reference to `pthread_create'
collect2: error: ld returned 1 exit status
CMakeFiles/cmTC_fef15.dir/build.make:97: recipe for target 'cmTC_fef15' failed
make[1]: *** [cmTC_fef15] Error 1
make[1]: Leaving directory '/home/miguel/ws_moveit/build/pr2_dashboard_aggregator/CMakeFiles/CMakeTmp'
Makefile:126: recipe for target 'cmTC_fef15/fast' failed
make: *** [cmTC_fef15/fast] Error 2

File /home/miguel/ws_moveit/build/pr2_dashboard_aggregator/CMakeFiles/CMakeTmp/CheckSymbolExists.c:
/* */
#include <pthread.h>

int main(int argc, char** argv)
{
  (void)argv;
#ifndef pthread_create
  return ((int*)(&pthread_create))[argc];
#else
  (void)argc;
  return 0;
#endif
}

Determining if the function pthread_create exists in the pthreads failed with the following output:
Change Dir: /home/miguel/ws_moveit/build/pr2_dashboard_aggregator/CMakeFiles/CMakeTmp

Run Build Command:"/usr/bin/make" "cmTC_ea14a/fast"
/usr/bin/make -f CMakeFiles/cmTC_ea14a.dir/build.make CMakeFiles/cmTC_ea14a.dir/build
make[1]: Entering directory '/home/miguel/ws_moveit/build/pr2_dashboard_aggregator/CMakeFiles/CMakeTmp'
Building C object CMakeFiles/cmTC_ea14a.dir/CheckFunctionExists.c.o
/usr/bin/cc    -DCHECK_FUNCTION_EXISTS=pthread_create   -o CMakeFiles/cmTC_ea14a.dir/CheckFunctionExists.c.o   -c /usr/share/cmake-3.5/Modules/CheckFunctionExists.c
Linking C executable cmTC_ea14a
/usr/bin/cmake -E cmake_link_script CMakeFiles/cmTC_ea14a.dir/link.txt --verbose=1
/usr/bin/cc   -DCHECK_FUNCTION_EXISTS=pthread_create    CMakeFiles/cmTC_ea14a.dir/CheckFunctionExists.c.o  -o cmTC_ea14a -rdynamic -lpthreads 
/usr/bin/ld: cannot find -lpthreads
collect2: error: ld returned 1 exit status
CMakeFiles/cmTC_ea14a.dir/build.make:97: recipe for target 'cmTC_ea14a' failed
make[1]: *** [cmTC_ea14a] Error 1
make[1]: Leaving directory '/home/miguel/ws_moveit/build/pr2_dashboard_aggregator/CMakeFiles/CMakeTmp'
Makefile:126: recipe for target 'cmTC_ea14a/fast' failed
make: *** [cmTC_ea14a/fast] Error 2


