[01m[K/home/miguel/ws_moveit/src/moveit_tutorials/doc/pr2_tutorials/kinematics/src/kinematic_model_tutorial.cpp:[m[K In function ‘[01m[Kint main(int, char**)[m[K’:
[01m[K/home/miguel/ws_moveit/src/moveit_tutorials/doc/pr2_tutorials/kinematics/src/kinematic_model_tutorial.cpp:121:22:[m[K [01;31m[Kerror: [m[Kno match for ‘[01m[Koperator=[m[K’ (operand types are ‘[01m[Kconst Affine3d {aka const Eigen::Transform<double, 3, 2>}[m[K’ and ‘[01m[Kconst Eigen::Transform<double, 3, 2>[m[K’)
   end_effector_state = Eigen::Affine3d::Identity();
[01;32m[K                      ^[m[K
In file included from [01m[K/usr/include/eigen3/Eigen/Geometry:44:0[m[K,
                 from [01m[K/opt/ros/kinetic/include/moveit/robot_model/joint_model.h:47[m[K,
                 from [01m[K/opt/ros/kinetic/include/moveit/robot_model/joint_model_group.h:41[m[K,
                 from [01m[K/opt/ros/kinetic/include/moveit/robot_model/robot_model.h:48[m[K,
                 from [01m[K/opt/ros/kinetic/include/moveit/robot_model_loader/robot_model_loader.h:41[m[K,
                 from [01m[K/home/miguel/ws_moveit/src/moveit_tutorials/doc/pr2_tutorials/kinematics/src/kinematic_model_tutorial.cpp:40[m[K:
[01m[K/usr/include/eigen3/Eigen/src/Geometry/Transform.h:284:21:[m[K [01;36m[Knote: [m[Kcandidate: Eigen::Transform<Scalar, Dim, Mode, _Options>& Eigen::Transform<Scalar, Dim, Mode, _Options>::operator=(const Eigen::Transform<Scalar, Dim, Mode, _Options>&) [with _Scalar = double; int _Dim = 3; int _Mode = 2; int _Options = 0] <near match>
   inline Transform& operator=(const Transform& other)
[01;32m[K                     ^[m[K
[01m[K/usr/include/eigen3/Eigen/src/Geometry/Transform.h:284:21:[m[K [01;36m[Knote: [m[K  passing ‘[01m[Kconst Affine3d* {aka const Eigen::Transform<double, 3, 2>*}[m[K’ as ‘[01m[Kthis[m[K’ argument discards qualifiers
[01m[K/usr/include/eigen3/Eigen/src/Geometry/Transform.h:302:21:[m[K [01;36m[Knote: [m[Kcandidate: template<class OtherDerived> Eigen::Transform<Scalar, Dim, Mode, _Options>& Eigen::Transform<Scalar, Dim, Mode, _Options>::operator=(const Eigen::EigenBase<OtherDerived>&) [with OtherDerived = OtherDerived; _Scalar = double; int _Dim = 3; int _Mode = 2; int _Options = 0]
   inline Transform& operator=(const EigenBase<OtherDerived>& other)
[01;32m[K                     ^[m[K
[01m[K/usr/include/eigen3/Eigen/src/Geometry/Transform.h:302:21:[m[K [01;36m[Knote: [m[K  template argument deduction/substitution failed:
[01m[K/home/miguel/ws_moveit/src/moveit_tutorials/doc/pr2_tutorials/kinematics/src/kinematic_model_tutorial.cpp:121:22:[m[K [01;36m[Knote: [m[K  ‘[01m[Kconst Eigen::Transform<double, 3, 2>[m[K’ is not derived from ‘[01m[Kconst Eigen::EigenBase<Derived>[m[K’
   end_effector_state = Eigen::Affine3d::Identity();
[01;32m[K                      ^[m[K
In file included from [01m[K/usr/include/eigen3/Eigen/Geometry:44:0[m[K,
                 from [01m[K/opt/ros/kinetic/include/moveit/robot_model/joint_model.h:47[m[K,
                 from [01m[K/opt/ros/kinetic/include/moveit/robot_model/joint_model_group.h:41[m[K,
                 from [01m[K/opt/ros/kinetic/include/moveit/robot_model/robot_model.h:48[m[K,
                 from [01m[K/opt/ros/kinetic/include/moveit/robot_model_loader/robot_model_loader.h:41[m[K,
                 from [01m[K/home/miguel/ws_moveit/src/moveit_tutorials/doc/pr2_tutorials/kinematics/src/kinematic_model_tutorial.cpp:40[m[K:
[01m[K/usr/include/eigen3/Eigen/src/Geometry/Transform.h:368:14:[m[K [01;36m[Knote: [m[Kcandidate: template<class OtherDerived> Eigen::Transform<Scalar, Dim, Mode, _Options>& Eigen::Transform<Scalar, Dim, Mode, _Options>::operator=(const Eigen::ReturnByValue<OtherDerived>&) [with OtherDerived = OtherDerived; _Scalar = double; int _Dim = 3; int _Mode = 2; int _Options = 0]
   Transform& operator=(const ReturnByValue<OtherDerived>& other)
[01;32m[K              ^[m[K
[01m[K/usr/include/eigen3/Eigen/src/Geometry/Transform.h:368:14:[m[K [01;36m[Knote: [m[K  template argument deduction/substitution failed:
[01m[K/home/miguel/ws_moveit/src/moveit_tutorials/doc/pr2_tutorials/kinematics/src/kinematic_model_tutorial.cpp:121:22:[m[K [01;36m[Knote: [m[K  ‘[01m[Kconst Eigen::Transform<double, 3, 2>[m[K’ is not derived from ‘[01m[Kconst Eigen::ReturnByValue<Derived>[m[K’
   end_effector_state = Eigen::Affine3d::Identity();
[01;32m[K                      ^[m[K
In file included from [01m[K/usr/include/eigen3/Eigen/Geometry:44:0[m[K,
                 from [01m[K/opt/ros/kinetic/include/moveit/robot_model/joint_model.h:47[m[K,
                 from [01m[K/opt/ros/kinetic/include/moveit/robot_model/joint_model_group.h:41[m[K,
                 from [01m[K/opt/ros/kinetic/include/moveit/robot_model/robot_model.h:48[m[K,
                 from [01m[K/opt/ros/kinetic/include/moveit/robot_model_loader/robot_model_loader.h:41[m[K,
                 from [01m[K/home/miguel/ws_moveit/src/moveit_tutorials/doc/pr2_tutorials/kinematics/src/kinematic_model_tutorial.cpp:40[m[K:
[01m[K/usr/include/eigen3/Eigen/src/Geometry/Transform.h:981:44:[m[K [01;36m[Knote: [m[Kcandidate: Eigen::Transform<Scalar, Dim, Mode, Options>& Eigen::Transform<Scalar, Dim, Mode, _Options>::operator=(const TranslationType&) [with _Scalar = double; int _Dim = 3; int _Mode = 2; int _Options = 0; Eigen::Transform<Scalar, Dim, Mode, _Options>::TranslationType = Eigen::Translation<double, 3>]
 inline Transform<Scalar,Dim,Mode,Options>& Transform<Scalar,Dim,Mode,Options>::operator=(const TranslationType& t)
[01;32m[K                                            ^[m[K
[01m[K/usr/include/eigen3/Eigen/src/Geometry/Transform.h:981:44:[m[K [01;36m[Knote: [m[K  no known conversion for argument 1 from ‘[01m[Kconst Eigen::Transform<double, 3, 2>[m[K’ to ‘[01m[Kconst TranslationType& {aka const Eigen::Translation<double, 3>&}[m[K’
[01m[K/usr/include/eigen3/Eigen/src/Geometry/Transform.h:998:44:[m[K [01;36m[Knote: [m[Kcandidate: Eigen::Transform<Scalar, Dim, Mode, Options>& Eigen::Transform<Scalar, Dim, Mode, _Options>::operator=(const Eigen::UniformScaling<_Scalar>&) [with _Scalar = double; int _Dim = 3; int _Mode = 2; int _Options = 0]
 inline Transform<Scalar,Dim,Mode,Options>& Transform<Scalar,Dim,Mode,Options>::operator=(const UniformScaling<Scalar>& s)
[01;32m[K                                            ^[m[K
[01m[K/usr/include/eigen3/Eigen/src/Geometry/Transform.h:998:44:[m[K [01;36m[Knote: [m[K  no known conversion for argument 1 from ‘[01m[Kconst Eigen::Transform<double, 3, 2>[m[K’ to ‘[01m[Kconst Eigen::UniformScaling<double>&[m[K’
[01m[K/usr/include/eigen3/Eigen/src/Geometry/Transform.h:583:21:[m[K [01;36m[Knote: [m[Kcandidate: template<class Derived> Eigen::Transform<Scalar, Dim, Mode, Options>& Eigen::Transform<Scalar, Dim, Mode, _Options>::operator=(const Eigen::RotationBase<Derived, Dim>&) [with Derived = Derived; _Scalar = double; int _Dim = 3; int _Mode = 2; int _Options = 0]
   inline Transform& operator=(const RotationBase<Derived,Dim>& r);
[01;32m[K                     ^[m[K
[01m[K/usr/include/eigen3/Eigen/src/Geometry/Transform.h:583:21:[m[K [01;36m[Knote: [m[K  template argument deduction/substitution failed:
[01m[K/home/miguel/ws_moveit/src/moveit_tutorials/doc/pr2_tutorials/kinematics/src/kinematic_model_tutorial.cpp:121:22:[m[K [01;36m[Knote: [m[K  ‘[01m[Kconst Eigen::Transform<double, 3, 2>[m[K’ is not derived from ‘[01m[Kconst Eigen::RotationBase<Derived, 3>[m[K’
   end_effector_state = Eigen::Affine3d::Identity();
[01;32m[K                      ^[m[K
make[2]: *** [doc/pr2_tutorials/kinematics/CMakeFiles/kinematic_model_tutorial.dir/src/kinematic_model_tutorial.cpp.o] Error 1
make[1]: *** [doc/pr2_tutorials/kinematics/CMakeFiles/kinematic_model_tutorial.dir/all] Error 2
make: *** [all] Error 2
