[01m[K/home/miguel/ws_moveit/src/moveit_tutorials/doc/pr2_tutorials/planning/src/move_group_interface_tutorial.cpp:[m[K In function ‘[01m[Kint main(int, char**)[m[K’:
[01m[K/home/miguel/ws_moveit/src/moveit_tutorials/doc/pr2_tutorials/planning/src/move_group_interface_tutorial.cpp:130:36:[m[K [01;31m[Kerror: [m[K‘[01m[Kgroup[m[K’ was not declared in this scope
 collision_object.header.frame_id = group.getPlanningFrame();
[01;32m[K                                    ^[m[K
[01m[K/home/miguel/ws_moveit/src/moveit_tutorials/doc/pr2_tutorials/planning/src/move_group_interface_tutorial.cpp:130:36:[m[K [01;36m[Knote: [m[Ksuggested alternative:
In file included from [01m[K/usr/include/boost/format.hpp:48:0[m[K,
                 from [01m[K/usr/include/boost/math/policies/error_handling.hpp:31[m[K,
                 from [01m[K/usr/include/boost/math/special_functions/round.hpp:14[m[K,
                 from [01m[K/opt/ros/kinetic/include/ros/time.h:58[m[K,
                 from [01m[K/opt/ros/kinetic/include/ros/ros.h:38[m[K,
                 from [01m[K/opt/ros/kinetic/include/urdf/model.h:47[m[K,
                 from [01m[K/opt/ros/kinetic/include/moveit/robot_model/robot_model.h:44[m[K,
                 from [01m[K/opt/ros/kinetic/include/moveit/robot_state/robot_state.h:41[m[K,
                 from [01m[K/opt/ros/kinetic/include/moveit/move_group_interface/move_group_interface.h:43[m[K,
                 from [01m[K/home/miguel/ws_moveit/src/moveit_tutorials/doc/pr2_tutorials/planning/src/move_group_interface_tutorial.cpp:37[m[K:
[01m[K/usr/include/boost/format/group.hpp:667:3:[m[K [01;36m[Knote: [m[K  ‘[01m[Kboost::io::group[m[K’
   group(T1 a1,T2 a2,T3 a3,T4 a4,T5 a5,T6 a6,T7 a7,T8 a8,T9 a9, Var& var)
[01;32m[K   ^[m[K
make[2]: *** [doc/pr2_tutorials/planning/CMakeFiles/move_group_interface_tutorial.dir/src/move_group_interface_tutorial.cpp.o] Error 1
make[1]: *** [doc/pr2_tutorials/planning/CMakeFiles/move_group_interface_tutorial.dir/all] Error 2
make: *** [all] Error 2
