In file included from [01m[K/opt/ros/kinetic/include/ros/ros.h:40:0[m[K,
                 from [01m[K/home/miguel/ws_moveit/src/moveit_tutorials/doc/pr2_tutorials/kinematics/src/kinematic_model_tutorial.cpp:37[m[K:
[01m[K/home/miguel/ws_moveit/src/moveit_tutorials/doc/pr2_tutorials/kinematics/src/kinematic_model_tutorial.cpp:[m[K In function ‘[01m[Kint main(int, char**)[m[K’:
[01m[K/home/miguel/ws_moveit/src/moveit_tutorials/doc/pr2_tutorials/kinematics/src/kinematic_model_tutorial.cpp:150:34:[m[K [01;31m[Kerror: [m[K‘[01m[Kjoint[m[K’ was not declared in this scope
     ROS_INFO_STREAM("VALUES: " <<joint.values);
[01;32m[K                                  ^[m[K
[01m[K/opt/ros/kinetic/include/ros/console.h:356:64:[m[K [01;36m[Knote: [m[Kin definition of macro ‘[01m[KROSCONSOLE_PRINT_STREAM_AT_LOCATION_WITH_FILTER[m[K’
     __rosconsole_print_stream_at_location_with_filter__ss__ << args; \
[01;32m[K                                                                ^[m[K
[01m[K/opt/ros/kinetic/include/ros/console.h:398:7:[m[K [01;36m[Knote: [m[Kin expansion of macro ‘[01m[KROSCONSOLE_PRINT_STREAM_AT_LOCATION[m[K’
       ROSCONSOLE_PRINT_STREAM_AT_LOCATION(args); \
[01;32m[K       ^[m[K
[01m[K/opt/ros/kinetic/include/ros/console.h:568:43:[m[K [01;36m[Knote: [m[Kin expansion of macro ‘[01m[KROS_LOG_STREAM_COND[m[K’
 #define ROS_LOG_STREAM(level, name, args) ROS_LOG_STREAM_COND(true, level, name, args)
[01;32m[K                                           ^[m[K
[01m[K/opt/ros/kinetic/include/rosconsole/macros_generated.h:111:31:[m[K [01;36m[Knote: [m[Kin expansion of macro ‘[01m[KROS_LOG_STREAM[m[K’
 #define ROS_INFO_STREAM(args) ROS_LOG_STREAM(::ros::console::levels::Info, ROSCONSOLE_DEFAULT_NAME, args)
[01;32m[K                               ^[m[K
[01m[K/home/miguel/ws_moveit/src/moveit_tutorials/doc/pr2_tutorials/kinematics/src/kinematic_model_tutorial.cpp:150:5:[m[K [01;36m[Knote: [m[Kin expansion of macro ‘[01m[KROS_INFO_STREAM[m[K’
     ROS_INFO_STREAM("VALUES: " <<joint.values);
[01;32m[K     ^[m[K
make[2]: *** [doc/pr2_tutorials/kinematics/CMakeFiles/kinematic_model_tutorial.dir/src/kinematic_model_tutorial.cpp.o] Error 1
make[1]: *** [doc/pr2_tutorials/kinematics/CMakeFiles/kinematic_model_tutorial.dir/all] Error 2
make: *** [all] Error 2
