[01m[K/home/miguel/ws_moveit/src/moveit_tutorials/doc/pr2_tutorials/kinematics/src/kinematic_model_tutorial.cpp:[m[K In function ‘[01m[Kint main(int, char**)[m[K’:
[01m[K/home/miguel/ws_moveit/src/moveit_tutorials/doc/pr2_tutorials/kinematics/src/kinematic_model_tutorial.cpp:221:3:[m[K [01;31m[Kerror: [m[K‘[01m[Ktarget_pose[m[K’ was not declared in this scope
   target_pose.position.x += 0.35;
[01;32m[K   ^[m[K
[01m[K/home/miguel/ws_moveit/src/moveit_tutorials/doc/pr2_tutorials/kinematics/src/kinematic_model_tutorial.cpp:237:3:[m[K [01;31m[Kerror: [m[K‘[01m[Kvisual_tools[m[K’ was not declared in this scope
   visual_tools.deleteAllMarkers();
[01;32m[K   ^[m[K
[01m[K/home/miguel/ws_moveit/src/moveit_tutorials/doc/pr2_tutorials/kinematics/src/kinematic_model_tutorial.cpp:238:28:[m[K [01;31m[Kerror: [m[K‘[01m[Ktext_pose[m[K’ was not declared in this scope
   visual_tools.publishText(text_pose, "Joint Space Goal", rvt::WHITE, rvt::XLARGE);
[01;32m[K                            ^[m[K
[01m[K/home/miguel/ws_moveit/src/moveit_tutorials/doc/pr2_tutorials/kinematics/src/kinematic_model_tutorial.cpp:238:59:[m[K [01;31m[Kerror: [m[K‘[01m[Krvt[m[K’ has not been declared
   visual_tools.publishText(text_pose, "Joint Space Goal", rvt::WHITE, rvt::XLARGE);
[01;32m[K                                                           ^[m[K
[01m[K/home/miguel/ws_moveit/src/moveit_tutorials/doc/pr2_tutorials/kinematics/src/kinematic_model_tutorial.cpp:238:71:[m[K [01;31m[Kerror: [m[K‘[01m[Krvt[m[K’ has not been declared
   visual_tools.publishText(text_pose, "Joint Space Goal", rvt::WHITE, rvt::XLARGE);
[01;32m[K                                                                       ^[m[K
[01m[K/home/miguel/ws_moveit/src/moveit_tutorials/doc/pr2_tutorials/kinematics/src/kinematic_model_tutorial.cpp:239:39:[m[K [01;31m[Kerror: [m[K‘[01m[Krvt[m[K’ has not been declared
   visual_tools.publishPath(waypoints, rvt::LIME_GREEN, rvt::SMALL);
[01;32m[K                                       ^[m[K
[01m[K/home/miguel/ws_moveit/src/moveit_tutorials/doc/pr2_tutorials/kinematics/src/kinematic_model_tutorial.cpp:239:56:[m[K [01;31m[Kerror: [m[K‘[01m[Krvt[m[K’ has not been declared
   visual_tools.publishPath(waypoints, rvt::LIME_GREEN, rvt::SMALL);
[01;32m[K                                                        ^[m[K
[01m[K/home/miguel/ws_moveit/src/moveit_tutorials/doc/pr2_tutorials/kinematics/src/kinematic_model_tutorial.cpp:241:77:[m[K [01;31m[Kerror: [m[K‘[01m[Krvt[m[K’ has not been declared
     visual_tools.publishAxisLabeled(waypoints[i], "pt" + std::to_string(i), rvt::SMALL);
[01;32m[K                                                                             ^[m[K
[01m[K/home/miguel/ws_moveit/src/moveit_tutorials/doc/pr2_tutorials/planning/src/move_group_interface_tutorial.cpp:[m[K In function ‘[01m[Kint main(int, char**)[m[K’:
[01m[K/home/miguel/ws_moveit/src/moveit_tutorials/doc/pr2_tutorials/planning/src/move_group_interface_tutorial.cpp:245:3:[m[K [01;31m[Kerror: [m[K‘[01m[Kstart_pose[m[K’ was not declared in this scope
   start_pose.orientation.x = -0.361264641953;
[01;32m[K   ^[m[K
make[2]: *** [doc/pr2_tutorials/kinematics/CMakeFiles/kinematic_model_tutorial.dir/src/kinematic_model_tutorial.cpp.o] Error 1
make[1]: *** [doc/pr2_tutorials/kinematics/CMakeFiles/kinematic_model_tutorial.dir/all] Error 2
make[1]: *** Waiting for unfinished jobs....
make[2]: *** [doc/pr2_tutorials/planning/CMakeFiles/move_group_interface_tutorial.dir/src/move_group_interface_tutorial.cpp.o] Error 1
make[1]: *** [doc/pr2_tutorials/planning/CMakeFiles/move_group_interface_tutorial.dir/all] Error 2
make: *** [all] Error 2
