Determining if the pthread_create exist failed with the following output:
Change Dir: /home/miguel/ws_moveit/build/pr2_description/CMakeFiles/CMakeTmp

Run Build Command:"/usr/bin/make" "cmTC_18614/fast"
/usr/bin/make -f CMakeFiles/cmTC_18614.dir/build.make CMakeFiles/cmTC_18614.dir/build
make[1]: Entering directory '/home/miguel/ws_moveit/build/pr2_description/CMakeFiles/CMakeTmp'
Building C object CMakeFiles/cmTC_18614.dir/CheckSymbolExists.c.o
/usr/bin/cc     -o CMakeFiles/cmTC_18614.dir/CheckSymbolExists.c.o   -c /home/miguel/ws_moveit/build/pr2_description/CMakeFiles/CMakeTmp/CheckSymbolExists.c
Linking C executable cmTC_18614
/usr/bin/cmake -E cmake_link_script CMakeFiles/cmTC_18614.dir/link.txt --verbose=1
/usr/bin/cc       CMakeFiles/cmTC_18614.dir/CheckSymbolExists.c.o  -o cmTC_18614 -rdynamic 
CMakeFiles/cmTC_18614.dir/CheckSymbolExists.c.o: In function `main':
CheckSymbolExists.c:(.text+0x16): undefined reference to `pthread_create'
collect2: error: ld returned 1 exit status
CMakeFiles/cmTC_18614.dir/build.make:97: recipe for target 'cmTC_18614' failed
make[1]: *** [cmTC_18614] Error 1
make[1]: Leaving directory '/home/miguel/ws_moveit/build/pr2_description/CMakeFiles/CMakeTmp'
Makefile:126: recipe for target 'cmTC_18614/fast' failed
make: *** [cmTC_18614/fast] Error 2

File /home/miguel/ws_moveit/build/pr2_description/CMakeFiles/CMakeTmp/CheckSymbolExists.c:
/* */
#include <pthread.h>

int main(int argc, char** argv)
{
  (void)argv;
#ifndef pthread_create
  return ((int*)(&pthread_create))[argc];
#else
  (void)argc;
  return 0;
#endif
}

Determining if the function pthread_create exists in the pthreads failed with the following output:
Change Dir: /home/miguel/ws_moveit/build/pr2_description/CMakeFiles/CMakeTmp

Run Build Command:"/usr/bin/make" "cmTC_91563/fast"
/usr/bin/make -f CMakeFiles/cmTC_91563.dir/build.make CMakeFiles/cmTC_91563.dir/build
make[1]: Entering directory '/home/miguel/ws_moveit/build/pr2_description/CMakeFiles/CMakeTmp'
Building C object CMakeFiles/cmTC_91563.dir/CheckFunctionExists.c.o
/usr/bin/cc    -DCHECK_FUNCTION_EXISTS=pthread_create   -o CMakeFiles/cmTC_91563.dir/CheckFunctionExists.c.o   -c /usr/share/cmake-3.5/Modules/CheckFunctionExists.c
Linking C executable cmTC_91563
/usr/bin/cmake -E cmake_link_script CMakeFiles/cmTC_91563.dir/link.txt --verbose=1
/usr/bin/cc   -DCHECK_FUNCTION_EXISTS=pthread_create    CMakeFiles/cmTC_91563.dir/CheckFunctionExists.c.o  -o cmTC_91563 -rdynamic -lpthreads 
/usr/bin/ld: cannot find -lpthreads
collect2: error: ld returned 1 exit status
CMakeFiles/cmTC_91563.dir/build.make:97: recipe for target 'cmTC_91563' failed
make[1]: *** [cmTC_91563] Error 1
make[1]: Leaving directory '/home/miguel/ws_moveit/build/pr2_description/CMakeFiles/CMakeTmp'
Makefile:126: recipe for target 'cmTC_91563/fast' failed
make: *** [cmTC_91563/fast] Error 2


