Determining if the pthread_create exist failed with the following output:
Change Dir: /home/miguel/ws_moveit/build/ur_gazebo/CMakeFiles/CMakeTmp

Run Build Command:"/usr/bin/make" "cmTC_1a34c/fast"
/usr/bin/make -f CMakeFiles/cmTC_1a34c.dir/build.make CMakeFiles/cmTC_1a34c.dir/build
make[1]: Entering directory '/home/miguel/ws_moveit/build/ur_gazebo/CMakeFiles/CMakeTmp'
Building C object CMakeFiles/cmTC_1a34c.dir/CheckSymbolExists.c.o
/usr/bin/cc     -o CMakeFiles/cmTC_1a34c.dir/CheckSymbolExists.c.o   -c /home/miguel/ws_moveit/build/ur_gazebo/CMakeFiles/CMakeTmp/CheckSymbolExists.c
Linking C executable cmTC_1a34c
/usr/bin/cmake -E cmake_link_script CMakeFiles/cmTC_1a34c.dir/link.txt --verbose=1
/usr/bin/cc       CMakeFiles/cmTC_1a34c.dir/CheckSymbolExists.c.o  -o cmTC_1a34c -rdynamic 
CMakeFiles/cmTC_1a34c.dir/CheckSymbolExists.c.o: In function `main':
CheckSymbolExists.c:(.text+0x16): undefined reference to `pthread_create'
collect2: error: ld returned 1 exit status
CMakeFiles/cmTC_1a34c.dir/build.make:97: recipe for target 'cmTC_1a34c' failed
make[1]: *** [cmTC_1a34c] Error 1
make[1]: Leaving directory '/home/miguel/ws_moveit/build/ur_gazebo/CMakeFiles/CMakeTmp'
Makefile:126: recipe for target 'cmTC_1a34c/fast' failed
make: *** [cmTC_1a34c/fast] Error 2

File /home/miguel/ws_moveit/build/ur_gazebo/CMakeFiles/CMakeTmp/CheckSymbolExists.c:
/* */
#include <pthread.h>

int main(int argc, char** argv)
{
  (void)argv;
#ifndef pthread_create
  return ((int*)(&pthread_create))[argc];
#else
  (void)argc;
  return 0;
#endif
}

Determining if the function pthread_create exists in the pthreads failed with the following output:
Change Dir: /home/miguel/ws_moveit/build/ur_gazebo/CMakeFiles/CMakeTmp

Run Build Command:"/usr/bin/make" "cmTC_73f22/fast"
/usr/bin/make -f CMakeFiles/cmTC_73f22.dir/build.make CMakeFiles/cmTC_73f22.dir/build
make[1]: Entering directory '/home/miguel/ws_moveit/build/ur_gazebo/CMakeFiles/CMakeTmp'
Building C object CMakeFiles/cmTC_73f22.dir/CheckFunctionExists.c.o
/usr/bin/cc    -DCHECK_FUNCTION_EXISTS=pthread_create   -o CMakeFiles/cmTC_73f22.dir/CheckFunctionExists.c.o   -c /usr/share/cmake-3.5/Modules/CheckFunctionExists.c
Linking C executable cmTC_73f22
/usr/bin/cmake -E cmake_link_script CMakeFiles/cmTC_73f22.dir/link.txt --verbose=1
/usr/bin/cc   -DCHECK_FUNCTION_EXISTS=pthread_create    CMakeFiles/cmTC_73f22.dir/CheckFunctionExists.c.o  -o cmTC_73f22 -rdynamic -lpthreads 
/usr/bin/ld: cannot find -lpthreads
collect2: error: ld returned 1 exit status
CMakeFiles/cmTC_73f22.dir/build.make:97: recipe for target 'cmTC_73f22' failed
make[1]: *** [cmTC_73f22] Error 1
make[1]: Leaving directory '/home/miguel/ws_moveit/build/ur_gazebo/CMakeFiles/CMakeTmp'
Makefile:126: recipe for target 'cmTC_73f22/fast' failed
make: *** [cmTC_73f22/fast] Error 2


